This is pdfTeX, Version 3.14159265-2.6-1.40.16 (TeX Live 2015/W32TeX) (preloaded format=pdflatex 2015.12.24)  3 JAN 2016 15:47
entering extended mode
 restricted \write18 enabled.
 %&-line parsing enabled.
**./main.tex
(./main.tex
LaTeX2e <2015/01/01>
Babel <3.9l> and hyphenation patterns for 79 languages loaded.
(c:/texlive/2015/texmf-dist/tex/latex/base/article.cls
Document Class: article 2014/09/29 v1.4h Standard LaTeX document class
(c:/texlive/2015/texmf-dist/tex/latex/base/size11.clo
File: size11.clo 2014/09/29 v1.4h Standard LaTeX file (size option)
)
\c@part=\count79
\c@section=\count80
\c@subsection=\count81
\c@subsubsection=\count82
\c@paragraph=\count83
\c@subparagraph=\count84
\c@figure=\count85
\c@table=\count86
\abovecaptionskip=\skip41
\belowcaptionskip=\skip42
\bibindent=\dimen102
)
(c:/texlive/2015/texmf-dist/tex/latex/cjk/texinput/CJKutf8.sty
Package: CJKutf8 2015/04/18 4.8.4

(c:/texlive/2015/texmf-dist/tex/generic/oberdiek/ifpdf.sty
Package: ifpdf 2011/01/30 v2.3 Provides the ifpdf switch (HO)
Package ifpdf Info: pdfTeX in PDF mode is detected.
)
(c:/texlive/2015/texmf-dist/tex/latex/base/inputenc.sty
Package: inputenc 2015/03/17 v1.2c Input encoding file
\inpenc@prehook=\toks14
\inpenc@posthook=\toks15

(c:/texlive/2015/texmf-dist/tex/latex/base/utf8.def
File: utf8.def 2014/09/29 v1.1m UTF-8 support for inputenc
Now handling font encoding OML ...
... no UTF-8 mapping file for font encoding OML
Now handling font encoding T1 ...
... processing UTF-8 mapping file for font encoding T1

(c:/texlive/2015/texmf-dist/tex/latex/base/t1enc.dfu
File: t1enc.dfu 2014/09/29 v1.1m UTF-8 support for inputenc
   defining Unicode char U+00A1 (decimal 161)
   defining Unicode char U+00A3 (decimal 163)
   defining Unicode char U+00AB (decimal 171)
   defining Unicode char U+00BB (decimal 187)
   defining Unicode char U+00BF (decimal 191)
   defining Unicode char U+00C0 (decimal 192)
   defining Unicode char U+00C1 (decimal 193)
   defining Unicode char U+00C2 (decimal 194)
   defining Unicode char U+00C3 (decimal 195)
   defining Unicode char U+00C4 (decimal 196)
   defining Unicode char U+00C5 (decimal 197)
   defining Unicode char U+00C6 (decimal 198)
   defining Unicode char U+00C7 (decimal 199)
   defining Unicode char U+00C8 (decimal 200)
   defining Unicode char U+00C9 (decimal 201)
   defining Unicode char U+00CA (decimal 202)
   defining Unicode char U+00CB (decimal 203)
   defining Unicode char U+00CC (decimal 204)
   defining Unicode char U+00CD (decimal 205)
   defining Unicode char U+00CE (decimal 206)
   defining Unicode char U+00CF (decimal 207)
   defining Unicode char U+00D0 (decimal 208)
   defining Unicode char U+00D1 (decimal 209)
   defining Unicode char U+00D2 (decimal 210)
   defining Unicode char U+00D3 (decimal 211)
   defining Unicode char U+00D4 (decimal 212)
   defining Unicode char U+00D5 (decimal 213)
   defining Unicode char U+00D6 (decimal 214)
   defining Unicode char U+00D8 (decimal 216)
   defining Unicode char U+00D9 (decimal 217)
   defining Unicode char U+00DA (decimal 218)
   defining Unicode char U+00DB (decimal 219)
   defining Unicode char U+00DC (decimal 220)
   defining Unicode char U+00DD (decimal 221)
   defining Unicode char U+00DE (decimal 222)
   defining Unicode char U+00DF (decimal 223)
   defining Unicode char U+00E0 (decimal 224)
   defining Unicode char U+00E1 (decimal 225)
   defining Unicode char U+00E2 (decimal 226)
   defining Unicode char U+00E3 (decimal 227)
   defining Unicode char U+00E4 (decimal 228)
   defining Unicode char U+00E5 (decimal 229)
   defining Unicode char U+00E6 (decimal 230)
   defining Unicode char U+00E7 (decimal 231)
   defining Unicode char U+00E8 (decimal 232)
   defining Unicode char U+00E9 (decimal 233)
   defining Unicode char U+00EA (decimal 234)
   defining Unicode char U+00EB (decimal 235)
   defining Unicode char U+00EC (decimal 236)
   defining Unicode char U+00ED (decimal 237)
   defining Unicode char U+00EE (decimal 238)
   defining Unicode char U+00EF (decimal 239)
   defining Unicode char U+00F0 (decimal 240)
   defining Unicode char U+00F1 (decimal 241)
   defining Unicode char U+00F2 (decimal 242)
   defining Unicode char U+00F3 (decimal 243)
   defining Unicode char U+00F4 (decimal 244)
   defining Unicode char U+00F5 (decimal 245)
   defining Unicode char U+00F6 (decimal 246)
   defining Unicode char U+00F8 (decimal 248)
   defining Unicode char U+00F9 (decimal 249)
   defining Unicode char U+00FA (decimal 250)
   defining Unicode char U+00FB (decimal 251)
   defining Unicode char U+00FC (decimal 252)
   defining Unicode char U+00FD (decimal 253)
   defining Unicode char U+00FE (decimal 254)
   defining Unicode char U+00FF (decimal 255)
   defining Unicode char U+0102 (decimal 258)
   defining Unicode char U+0103 (decimal 259)
   defining Unicode char U+0104 (decimal 260)
   defining Unicode char U+0105 (decimal 261)
   defining Unicode char U+0106 (decimal 262)
   defining Unicode char U+0107 (decimal 263)
   defining Unicode char U+010C (decimal 268)
   defining Unicode char U+010D (decimal 269)
   defining Unicode char U+010E (decimal 270)
   defining Unicode char U+010F (decimal 271)
   defining Unicode char U+0110 (decimal 272)
   defining Unicode char U+0111 (decimal 273)
   defining Unicode char U+0118 (decimal 280)
   defining Unicode char U+0119 (decimal 281)
   defining Unicode char U+011A (decimal 282)
   defining Unicode char U+011B (decimal 283)
   defining Unicode char U+011E (decimal 286)
   defining Unicode char U+011F (decimal 287)
   defining Unicode char U+0130 (decimal 304)
   defining Unicode char U+0131 (decimal 305)
   defining Unicode char U+0132 (decimal 306)
   defining Unicode char U+0133 (decimal 307)
   defining Unicode char U+0139 (decimal 313)
   defining Unicode char U+013A (decimal 314)
   defining Unicode char U+013D (decimal 317)
   defining Unicode char U+013E (decimal 318)
   defining Unicode char U+0141 (decimal 321)
   defining Unicode char U+0142 (decimal 322)
   defining Unicode char U+0143 (decimal 323)
   defining Unicode char U+0144 (decimal 324)
   defining Unicode char U+0147 (decimal 327)
   defining Unicode char U+0148 (decimal 328)
   defining Unicode char U+014A (decimal 330)
   defining Unicode char U+014B (decimal 331)
   defining Unicode char U+0150 (decimal 336)
   defining Unicode char U+0151 (decimal 337)
   defining Unicode char U+0152 (decimal 338)
   defining Unicode char U+0153 (decimal 339)
   defining Unicode char U+0154 (decimal 340)
   defining Unicode char U+0155 (decimal 341)
   defining Unicode char U+0158 (decimal 344)
   defining Unicode char U+0159 (decimal 345)
   defining Unicode char U+015A (decimal 346)
   defining Unicode char U+015B (decimal 347)
   defining Unicode char U+015E (decimal 350)
   defining Unicode char U+015F (decimal 351)
   defining Unicode char U+0160 (decimal 352)
   defining Unicode char U+0161 (decimal 353)
   defining Unicode char U+0162 (decimal 354)
   defining Unicode char U+0163 (decimal 355)
   defining Unicode char U+0164 (decimal 356)
   defining Unicode char U+0165 (decimal 357)
   defining Unicode char U+016E (decimal 366)
   defining Unicode char U+016F (decimal 367)
   defining Unicode char U+0170 (decimal 368)
   defining Unicode char U+0171 (decimal 369)
   defining Unicode char U+0178 (decimal 376)
   defining Unicode char U+0179 (decimal 377)
   defining Unicode char U+017A (decimal 378)
   defining Unicode char U+017B (decimal 379)
   defining Unicode char U+017C (decimal 380)
   defining Unicode char U+017D (decimal 381)
   defining Unicode char U+017E (decimal 382)
   defining Unicode char U+200C (decimal 8204)
   defining Unicode char U+2013 (decimal 8211)
   defining Unicode char U+2014 (decimal 8212)
   defining Unicode char U+2018 (decimal 8216)
   defining Unicode char U+2019 (decimal 8217)
   defining Unicode char U+201A (decimal 8218)
   defining Unicode char U+201C (decimal 8220)
   defining Unicode char U+201D (decimal 8221)
   defining Unicode char U+201E (decimal 8222)
   defining Unicode char U+2030 (decimal 8240)
   defining Unicode char U+2031 (decimal 8241)
   defining Unicode char U+2039 (decimal 8249)
   defining Unicode char U+203A (decimal 8250)
   defining Unicode char U+2423 (decimal 9251)
)
Now handling font encoding OT1 ...
... processing UTF-8 mapping file for font encoding OT1

(c:/texlive/2015/texmf-dist/tex/latex/base/ot1enc.dfu
File: ot1enc.dfu 2014/09/29 v1.1m UTF-8 support for inputenc
   defining Unicode char U+00A1 (decimal 161)
   defining Unicode char U+00A3 (decimal 163)
   defining Unicode char U+00B8 (decimal 184)
   defining Unicode char U+00BF (decimal 191)
   defining Unicode char U+00C5 (decimal 197)
   defining Unicode char U+00C6 (decimal 198)
   defining Unicode char U+00D8 (decimal 216)
   defining Unicode char U+00DF (decimal 223)
   defining Unicode char U+00E6 (decimal 230)
   defining Unicode char U+00EC (decimal 236)
   defining Unicode char U+00ED (decimal 237)
   defining Unicode char U+00EE (decimal 238)
   defining Unicode char U+00EF (decimal 239)
   defining Unicode char U+00F8 (decimal 248)
   defining Unicode char U+0131 (decimal 305)
   defining Unicode char U+0141 (decimal 321)
   defining Unicode char U+0142 (decimal 322)
   defining Unicode char U+0152 (decimal 338)
   defining Unicode char U+0153 (decimal 339)
   defining Unicode char U+2013 (decimal 8211)
   defining Unicode char U+2014 (decimal 8212)
   defining Unicode char U+2018 (decimal 8216)
   defining Unicode char U+2019 (decimal 8217)
   defining Unicode char U+201C (decimal 8220)
   defining Unicode char U+201D (decimal 8221)
)
Now handling font encoding OMS ...
... processing UTF-8 mapping file for font encoding OMS

(c:/texlive/2015/texmf-dist/tex/latex/base/omsenc.dfu
File: omsenc.dfu 2014/09/29 v1.1m UTF-8 support for inputenc
   defining Unicode char U+00A7 (decimal 167)
   defining Unicode char U+00B6 (decimal 182)
   defining Unicode char U+00B7 (decimal 183)
   defining Unicode char U+2020 (decimal 8224)
   defining Unicode char U+2021 (decimal 8225)
   defining Unicode char U+2022 (decimal 8226)
)
Now handling font encoding OMX ...
... no UTF-8 mapping file for font encoding OMX
Now handling font encoding U ...
... no UTF-8 mapping file for font encoding U
   defining Unicode char U+00A9 (decimal 169)
   defining Unicode char U+00AA (decimal 170)
   defining Unicode char U+00AE (decimal 174)
   defining Unicode char U+00BA (decimal 186)
   defining Unicode char U+02C6 (decimal 710)
   defining Unicode char U+02DC (decimal 732)
   defining Unicode char U+200C (decimal 8204)
   defining Unicode char U+2026 (decimal 8230)
   defining Unicode char U+2122 (decimal 8482)
   defining Unicode char U+2423 (decimal 9251)
))
(c:/texlive/2015/texmf-dist/tex/latex/cjk/texinput/CJK.sty
Package: CJK 2015/04/18 4.8.4

(c:/texlive/2015/texmf-dist/tex/latex/cjk/texinput/mule/MULEenc.sty
Package: MULEenc 2015/04/18 4.8.4
)
(c:/texlive/2015/texmf-dist/tex/latex/cjk/texinput/CJK.enc
File: CJK.enc 2015/04/18 4.8.4
Now handling font encoding C00 ...
... no UTF-8 mapping file for font encoding C00
Now handling font encoding C05 ...
... no UTF-8 mapping file for font encoding C05
Now handling font encoding C09 ...
... no UTF-8 mapping file for font encoding C09
Now handling font encoding C10 ...
... no UTF-8 mapping file for font encoding C10
Now handling font encoding C20 ...
... no UTF-8 mapping file for font encoding C20
Now handling font encoding C19 ...
... no UTF-8 mapping file for font encoding C19
Now handling font encoding C40 ...
... no UTF-8 mapping file for font encoding C40
Now handling font encoding C42 ...
... no UTF-8 mapping file for font encoding C42
Now handling font encoding C43 ...
... no UTF-8 mapping file for font encoding C43
Now handling font encoding C50 ...
... no UTF-8 mapping file for font encoding C50
Now handling font encoding C52 ...
... no UTF-8 mapping file for font encoding C52
Now handling font encoding C49 ...
... no UTF-8 mapping file for font encoding C49
Now handling font encoding C60 ...
... no UTF-8 mapping file for font encoding C60
Now handling font encoding C61 ...
... no UTF-8 mapping file for font encoding C61
Now handling font encoding C63 ...
... no UTF-8 mapping file for font encoding C63
Now handling font encoding C64 ...
... no UTF-8 mapping file for font encoding C64
Now handling font encoding C65 ...
... no UTF-8 mapping file for font encoding C65
Now handling font encoding C70 ...
... no UTF-8 mapping file for font encoding C70
Now handling font encoding C31 ...
... no UTF-8 mapping file for font encoding C31
Now handling font encoding C32 ...
... no UTF-8 mapping file for font encoding C32
Now handling font encoding C33 ...
... no UTF-8 mapping file for font encoding C33
Now handling font encoding C34 ...
... no UTF-8 mapping file for font encoding C34
Now handling font encoding C35 ...
... no UTF-8 mapping file for font encoding C35
Now handling font encoding C36 ...
... no UTF-8 mapping file for font encoding C36
Now handling font encoding C37 ...
... no UTF-8 mapping file for font encoding C37
Now handling font encoding C80 ...
... no UTF-8 mapping file for font encoding C80
Now handling font encoding C81 ...
... no UTF-8 mapping file for font encoding C81
Now handling font encoding C01 ...
... no UTF-8 mapping file for font encoding C01
Now handling font encoding C11 ...
... no UTF-8 mapping file for font encoding C11
Now handling font encoding C21 ...
... no UTF-8 mapping file for font encoding C21
Now handling font encoding C41 ...
... no UTF-8 mapping file for font encoding C41
Now handling font encoding C62 ...
... no UTF-8 mapping file for font encoding C62
)
LaTeX Info: Redefining \selectfont on input line 755.
\CJK@indent=\box26
)
(c:/texlive/2015/texmf-dist/tex/latex/base/fontenc.sty
Package: fontenc 2005/09/27 v1.99g Standard LaTeX package
))
(c:/texlive/2015/texmf-dist/tex/latex/fancyhdr/fancyhdr.sty
\fancy@headwidth=\skip43
\f@ncyO@elh=\skip44
\f@ncyO@erh=\skip45
\f@ncyO@olh=\skip46
\f@ncyO@orh=\skip47
\f@ncyO@elf=\skip48
\f@ncyO@erf=\skip49
\f@ncyO@olf=\skip50
\f@ncyO@orf=\skip51
)
(c:/texlive/2015/texmf-dist/tex/latex/amsmath/amsmath.sty
Package: amsmath 2013/01/14 v2.14 AMS math features
\@mathmargin=\skip52

For additional information on amsmath, use the `?' option.
(c:/texlive/2015/texmf-dist/tex/latex/amsmath/amstext.sty
Package: amstext 2000/06/29 v2.01

(c:/texlive/2015/texmf-dist/tex/latex/amsmath/amsgen.sty
File: amsgen.sty 1999/11/30 v2.0
\@emptytoks=\toks16
\ex@=\dimen103
))
(c:/texlive/2015/texmf-dist/tex/latex/amsmath/amsbsy.sty
Package: amsbsy 1999/11/29 v1.2d
\pmbraise@=\dimen104
)
(c:/texlive/2015/texmf-dist/tex/latex/amsmath/amsopn.sty
Package: amsopn 1999/12/14 v2.01 operator names
)
\inf@bad=\count87
LaTeX Info: Redefining \frac on input line 210.
\uproot@=\count88
\leftroot@=\count89
LaTeX Info: Redefining \overline on input line 306.
\classnum@=\count90
\DOTSCASE@=\count91
LaTeX Info: Redefining \ldots on input line 378.
LaTeX Info: Redefining \dots on input line 381.
LaTeX Info: Redefining \cdots on input line 466.
\Mathstrutbox@=\box27
\strutbox@=\box28
\big@size=\dimen105
LaTeX Font Info:    Redeclaring font encoding OML on input line 566.
LaTeX Font Info:    Redeclaring font encoding OMS on input line 567.
\macc@depth=\count92
\c@MaxMatrixCols=\count93
\dotsspace@=\muskip10
\c@parentequation=\count94
\dspbrk@lvl=\count95
\tag@help=\toks17
\row@=\count96
\column@=\count97
\maxfields@=\count98
\andhelp@=\toks18
\eqnshift@=\dimen106
\alignsep@=\dimen107
\tagshift@=\dimen108
\tagwidth@=\dimen109
\totwidth@=\dimen110
\lineht@=\dimen111
\@envbody=\toks19
\multlinegap=\skip53
\multlinetaggap=\skip54
\mathdisplay@stack=\toks20
LaTeX Info: Redefining \[ on input line 2665.
LaTeX Info: Redefining \] on input line 2666.
)
(c:/texlive/2015/texmf-dist/tex/latex/preprint/balance.sty
Package: balance 1999/02/23 4.3 (PWD)
\oldvsize=\dimen112
)
(c:/texlive/2015/texmf-dist/tex/latex/setspace/setspace.sty
Package: setspace 2011/12/19 v6.7a set line spacing
)
(c:/texlive/2015/texmf-dist/tex/latex/appendix/appendix.sty
Package: appendix 2009/09/02 v1.2b extra appendix facilities
\c@@pps=\count99
\c@@ppsavesec=\count100
\c@@ppsaveapp=\count101
)
(c:/texlive/2015/texmf-dist/tex/latex/url/url.sty
\Urlmuskip=\muskip11
Package: url 2013/09/16  ver 3.4  Verb mode for urls, etc.
)
(c:/texlive/2015/texmf-dist/tex/latex/graphics/graphicx.sty
Package: graphicx 2014/10/28 v1.0g Enhanced LaTeX Graphics (DPC,SPQR)

(c:/texlive/2015/texmf-dist/tex/latex/graphics/keyval.sty
Package: keyval 2014/10/28 v1.15 key=value parser (DPC)
\KV@toks@=\toks21
)
(c:/texlive/2015/texmf-dist/tex/latex/graphics/graphics.sty
Package: graphics 2014/10/28 v1.0p Standard LaTeX Graphics (DPC,SPQR)

(c:/texlive/2015/texmf-dist/tex/latex/graphics/trig.sty
Package: trig 1999/03/16 v1.09 sin cos tan (DPC)
)
(c:/texlive/2015/texmf-dist/tex/latex/latexconfig/graphics.cfg
File: graphics.cfg 2010/04/23 v1.9 graphics configuration of TeX Live
)
Package graphics Info: Driver file: pdftex.def on input line 94.

(c:/texlive/2015/texmf-dist/tex/latex/pdftex-def/pdftex.def
File: pdftex.def 2011/05/27 v0.06d Graphics/color for pdfTeX

(c:/texlive/2015/texmf-dist/tex/generic/oberdiek/infwarerr.sty
Package: infwarerr 2010/04/08 v1.3 Providing info/warning/error messages (HO)
)
(c:/texlive/2015/texmf-dist/tex/generic/oberdiek/ltxcmds.sty
Package: ltxcmds 2011/11/09 v1.22 LaTeX kernel commands for general use (HO)
)
\Gread@gobject=\count102
))
\Gin@req@height=\dimen113
\Gin@req@width=\dimen114
)
(c:/texlive/2015/texmf-dist/tex/latex/wrapfig/wrapfig.sty
\wrapoverhang=\dimen115
\WF@size=\dimen116
\c@WF@wrappedlines=\count103
\WF@box=\box29
\WF@everypar=\toks22
Package: wrapfig 2003/01/31  v 3.6
)
(c:/texlive/2015/texmf-dist/tex/latex/caption/subcaption.sty
Package: subcaption 2013/02/03 v1.1-62 Sub-captions (AR)

(c:/texlive/2015/texmf-dist/tex/latex/caption/caption.sty
Package: caption 2013/05/02 v3.3-89 Customizing captions (AR)

(c:/texlive/2015/texmf-dist/tex/latex/caption/caption3.sty
Package: caption3 2013/05/02 v1.6-88 caption3 kernel (AR)
Package caption3 Info: TeX engine: e-TeX on input line 57.
\captionmargin=\dimen117
\captionmargin@=\dimen118
\captionwidth=\dimen119
\caption@tempdima=\dimen120
\caption@indent=\dimen121
\caption@parindent=\dimen122
\caption@hangindent=\dimen123
)
\c@ContinuedFloat=\count104
Package caption Info: wrapfig package is loaded.
)
\c@subfigure=\count105
\c@subtable=\count106
)
(c:/texlive/2015/texmf-dist/tex/latex/tabu/tabu.sty
Package: tabu 2011/02/26 v2.8 - flexible LaTeX tabulars (FC)

(c:/texlive/2015/texmf-dist/tex/latex/tools/array.sty
Package: array 2014/10/28 v2.4c Tabular extension package (FMi)
\col@sep=\dimen124
\extrarowheight=\dimen125
\NC@list=\toks23
\extratabsurround=\skip55
\backup@length=\skip56
)
(c:/texlive/2015/texmf-dist/tex/latex/varwidth/varwidth.sty
Package: varwidth 2009/03/30 ver 0.92;  Variable-width minipages
\@vwid@box=\box30
\sift@deathcycles=\count107
\@vwid@loff=\dimen126
\@vwid@roff=\dimen127
)
\c@taburow=\count108
\tabu@nbcols=\count109
\tabu@cnt=\count110
\tabu@Xcol=\count111
\tabu@alloc=\count112
\tabu@nested=\count113
\tabu@target=\dimen128
\tabu@spreadtarget=\dimen129
\tabu@naturalX=\dimen130
\tabucolX=\dimen131
\tabu@Xsum=\dimen132
\extrarowdepth=\dimen133
\abovetabulinesep=\dimen134
\belowtabulinesep=\dimen135
\tabustrutrule=\dimen136
\tabu@thebody=\toks24
\tabu@footnotes=\toks25
\tabu@box=\box31
\tabu@arstrutbox=\box32
\tabu@hleads=\box33
\tabu@vleads=\box34
\tabu@cellskip=\skip57
)
Package caption Info: We need package `newfloat' on input line 15.

(c:/texlive/2015/texmf-dist/tex/latex/caption/newfloat.sty
Package: newfloat 2013/05/11 v1.1-91 Defining new floating environments (AR)
)
(c:/texlive/2015/texmf-dist/tex/latex/geometry/geometry.sty
Package: geometry 2010/09/12 v5.6 Page Geometry

(c:/texlive/2015/texmf-dist/tex/generic/oberdiek/ifvtex.sty
Package: ifvtex 2010/03/01 v1.5 Detect VTeX and its facilities (HO)
Package ifvtex Info: VTeX not detected.
)
(c:/texlive/2015/texmf-dist/tex/generic/ifxetex/ifxetex.sty
Package: ifxetex 2010/09/12 v0.6 Provides ifxetex conditional
)
\Gm@cnth=\count114
\Gm@cntv=\count115
\c@Gm@tempcnt=\count116
\Gm@bindingoffset=\dimen137
\Gm@wd@mp=\dimen138
\Gm@odd@mp=\dimen139
\Gm@even@mp=\dimen140
\Gm@layoutwidth=\dimen141
\Gm@layoutheight=\dimen142
\Gm@layouthoffset=\dimen143
\Gm@layoutvoffset=\dimen144
\Gm@dimlist=\toks26
)
(c:/texlive/2015/texmf-dist/tex/latex/tools/indentfirst.sty
Package: indentfirst 1995/11/23 v1.03 Indent first paragraph (DPC)
)
(c:/texlive/2015/texmf-dist/tex/latex/hyperref/hyperref.sty
Package: hyperref 2012/11/06 v6.83m Hypertext links for LaTeX

(c:/texlive/2015/texmf-dist/tex/generic/oberdiek/hobsub-hyperref.sty
Package: hobsub-hyperref 2012/05/28 v1.13 Bundle oberdiek, subset hyperref (HO)


(c:/texlive/2015/texmf-dist/tex/generic/oberdiek/hobsub-generic.sty
Package: hobsub-generic 2012/05/28 v1.13 Bundle oberdiek, subset generic (HO)
Package: hobsub 2012/05/28 v1.13 Construct package bundles (HO)
Package hobsub Info: Skipping package `infwarerr' (already loaded).
Package hobsub Info: Skipping package `ltxcmds' (already loaded).
Package: ifluatex 2010/03/01 v1.3 Provides the ifluatex switch (HO)
Package ifluatex Info: LuaTeX not detected.
Package hobsub Info: Skipping package `ifvtex' (already loaded).
Package: intcalc 2007/09/27 v1.1 Expandable calculations with integers (HO)
Package hobsub Info: Skipping package `ifpdf' (already loaded).
Package: etexcmds 2011/02/16 v1.5 Avoid name clashes with e-TeX commands (HO)
Package etexcmds Info: Could not find \expanded.
(etexcmds)             That can mean that you are not using pdfTeX 1.50 or
(etexcmds)             that some package has redefined \expanded.
(etexcmds)             In the latter case, load this package earlier.
Package: kvsetkeys 2012/04/25 v1.16 Key value parser (HO)
Package: kvdefinekeys 2011/04/07 v1.3 Define keys (HO)
Package: pdftexcmds 2011/11/29 v0.20 Utility functions of pdfTeX for LuaTeX (HO
)
Package pdftexcmds Info: LuaTeX not detected.
Package pdftexcmds Info: \pdf@primitive is available.
Package pdftexcmds Info: \pdf@ifprimitive is available.
Package pdftexcmds Info: \pdfdraftmode found.
Package: pdfescape 2011/11/25 v1.13 Implements pdfTeX's escape features (HO)
Package: bigintcalc 2012/04/08 v1.3 Expandable calculations on big integers (HO
)
Package: bitset 2011/01/30 v1.1 Handle bit-vector datatype (HO)
Package: uniquecounter 2011/01/30 v1.2 Provide unlimited unique counter (HO)
)
Package hobsub Info: Skipping package `hobsub' (already loaded).
Package: letltxmacro 2010/09/02 v1.4 Let assignment for LaTeX macros (HO)
Package: hopatch 2012/05/28 v1.2 Wrapper for package hooks (HO)
Package: xcolor-patch 2011/01/30 xcolor patch
Package: atveryend 2011/06/30 v1.8 Hooks at the very end of document (HO)
Package atveryend Info: \enddocument detected (standard20110627).
Package: atbegshi 2011/10/05 v1.16 At begin shipout hook (HO)
Package: refcount 2011/10/16 v3.4 Data extraction from label references (HO)
Package: hycolor 2011/01/30 v1.7 Color options for hyperref/bookmark (HO)
)
(c:/texlive/2015/texmf-dist/tex/latex/oberdiek/auxhook.sty
Package: auxhook 2011/03/04 v1.3 Hooks for auxiliary files (HO)
)
(c:/texlive/2015/texmf-dist/tex/latex/oberdiek/kvoptions.sty
Package: kvoptions 2011/06/30 v3.11 Key value format for package options (HO)
)
\@linkdim=\dimen145
\Hy@linkcounter=\count117
\Hy@pagecounter=\count118

(c:/texlive/2015/texmf-dist/tex/latex/hyperref/pd1enc.def
File: pd1enc.def 2012/11/06 v6.83m Hyperref: PDFDocEncoding definition (HO)
Now handling font encoding PD1 ...
... no UTF-8 mapping file for font encoding PD1
)
\Hy@SavedSpaceFactor=\count119

(c:/texlive/2015/texmf-dist/tex/latex/latexconfig/hyperref.cfg
File: hyperref.cfg 2002/06/06 v1.2 hyperref configuration of TeXLive
)
Package hyperref Info: Hyper figures OFF on input line 4443.
Package hyperref Info: Link nesting OFF on input line 4448.
Package hyperref Info: Hyper index ON on input line 4451.
Package hyperref Info: Plain pages OFF on input line 4458.
Package hyperref Info: Backreferencing OFF on input line 4463.
Package hyperref Info: Implicit mode ON; LaTeX internals redefined.
Package hyperref Info: Bookmarks ON on input line 4688.
\c@Hy@tempcnt=\count120
LaTeX Info: Redefining \url on input line 5041.
\XeTeXLinkMargin=\dimen146
\Fld@menulength=\count121
\Field@Width=\dimen147
\Fld@charsize=\dimen148
Package hyperref Info: Hyper figures OFF on input line 6295.
Package hyperref Info: Link nesting OFF on input line 6300.
Package hyperref Info: Hyper index ON on input line 6303.
Package hyperref Info: backreferencing OFF on input line 6310.
Package hyperref Info: Link coloring OFF on input line 6315.
Package hyperref Info: Link coloring with OCG OFF on input line 6320.
Package hyperref Info: PDF/A mode OFF on input line 6325.
LaTeX Info: Redefining \ref on input line 6365.
LaTeX Info: Redefining \pageref on input line 6369.
\Hy@abspage=\count122
\c@Item=\count123
\c@Hfootnote=\count124
)

Package hyperref Message: Driver (autodetected): hpdftex.

(c:/texlive/2015/texmf-dist/tex/latex/hyperref/hpdftex.def
File: hpdftex.def 2012/11/06 v6.83m Hyperref driver for pdfTeX
\Fld@listcount=\count125
\c@bookmark@seq@number=\count126

(c:/texlive/2015/texmf-dist/tex/latex/oberdiek/rerunfilecheck.sty
Package: rerunfilecheck 2011/04/15 v1.7 Rerun checks for auxiliary files (HO)
Package uniquecounter Info: New unique counter `rerunfilecheck' on input line 2
82.
)
\Hy@SectionHShift=\skip58
)
(c:/texlive/2015/texmf-dist/tex/latex/xcolor/xcolor.sty
Package: xcolor 2007/01/21 v2.11 LaTeX color extensions (UK)

(c:/texlive/2015/texmf-dist/tex/latex/latexconfig/color.cfg
File: color.cfg 2007/01/18 v1.5 color configuration of teTeX/TeXLive
)
Package xcolor Info: Driver file: pdftex.def on input line 225.
Package xcolor Info: Model `cmy' substituted by `cmy0' on input line 1337.
Package xcolor Info: Model `hsb' substituted by `rgb' on input line 1341.
Package xcolor Info: Model `RGB' extended on input line 1353.
Package xcolor Info: Model `HTML' substituted by `rgb' on input line 1355.
Package xcolor Info: Model `Hsb' substituted by `hsb' on input line 1356.
Package xcolor Info: Model `tHsb' substituted by `hsb' on input line 1357.
Package xcolor Info: Model `HSB' substituted by `hsb' on input line 1358.
Package xcolor Info: Model `Gray' substituted by `gray' on input line 1359.
Package xcolor Info: Model `wave' substituted by `hsb' on input line 1360.
)
Package hyperref Info: Option `colorlinks' set `true' on input line 29.
 (./main.aux)
\openout1 = `main.aux'.

LaTeX Font Info:    Checking defaults for OML/cmm/m/it on input line 49.
LaTeX Font Info:    ... okay on input line 49.
LaTeX Font Info:    Checking defaults for T1/cmr/m/n on input line 49.
LaTeX Font Info:    ... okay on input line 49.
LaTeX Font Info:    Checking defaults for OT1/cmr/m/n on input line 49.
LaTeX Font Info:    ... okay on input line 49.
LaTeX Font Info:    Checking defaults for OMS/cmsy/m/n on input line 49.
LaTeX Font Info:    ... okay on input line 49.
LaTeX Font Info:    Checking defaults for OMX/cmex/m/n on input line 49.
LaTeX Font Info:    ... okay on input line 49.
LaTeX Font Info:    Checking defaults for U/cmr/m/n on input line 49.
LaTeX Font Info:    ... okay on input line 49.
LaTeX Font Info:    Checking defaults for C00/song/m/n on input line 49.
LaTeX Font Info:    ... okay on input line 49.
LaTeX Font Info:    Checking defaults for C05/song/m/n on input line 49.
LaTeX Font Info:    ... okay on input line 49.
LaTeX Font Info:    Checking defaults for C09/song/m/n on input line 49.
LaTeX Font Info:    ... okay on input line 49.
LaTeX Font Info:    Checking defaults for C10/song/m/n on input line 49.
LaTeX Font Info:    ... okay on input line 49.
LaTeX Font Info:    Checking defaults for C20/song/m/n on input line 49.
LaTeX Font Info:    ... okay on input line 49.
LaTeX Font Info:    Checking defaults for C19/song/m/n on input line 49.
LaTeX Font Info:    ... okay on input line 49.
LaTeX Font Info:    Checking defaults for C40/song/m/n on input line 49.
LaTeX Font Info:    ... okay on input line 49.
LaTeX Font Info:    Checking defaults for C42/song/m/n on input line 49.
LaTeX Font Info:    ... okay on input line 49.
LaTeX Font Info:    Checking defaults for C43/song/m/n on input line 49.
LaTeX Font Info:    ... okay on input line 49.
LaTeX Font Info:    Checking defaults for C50/song/m/n on input line 49.
LaTeX Font Info:    ... okay on input line 49.
LaTeX Font Info:    Checking defaults for C52/song/m/n on input line 49.
LaTeX Font Info:    ... okay on input line 49.
LaTeX Font Info:    Checking defaults for C49/song/m/n on input line 49.
LaTeX Font Info:    ... okay on input line 49.
LaTeX Font Info:    Checking defaults for C60/mj/m/n on input line 49.
LaTeX Font Info:    ... okay on input line 49.
LaTeX Font Info:    Checking defaults for C61/mj/m/n on input line 49.
LaTeX Font Info:    ... okay on input line 49.
LaTeX Font Info:    Checking defaults for C63/mj/m/n on input line 49.
LaTeX Font Info:    ... okay on input line 49.
LaTeX Font Info:    Checking defaults for C64/mj/m/n on input line 49.
LaTeX Font Info:    ... okay on input line 49.
LaTeX Font Info:    Checking defaults for C65/mj/m/n on input line 49.
LaTeX Font Info:    ... okay on input line 49.
LaTeX Font Info:    Checking defaults for C70/song/m/n on input line 49.
LaTeX Font Info:    ... okay on input line 49.
LaTeX Font Info:    Checking defaults for C31/song/m/n on input line 49.
LaTeX Font Info:    ... okay on input line 49.
LaTeX Font Info:    Checking defaults for C32/song/m/n on input line 49.
LaTeX Font Info:    ... okay on input line 49.
LaTeX Font Info:    Checking defaults for C33/song/m/n on input line 49.
LaTeX Font Info:    ... okay on input line 49.
LaTeX Font Info:    Checking defaults for C34/song/m/n on input line 49.
LaTeX Font Info:    ... okay on input line 49.
LaTeX Font Info:    Checking defaults for C35/song/m/n on input line 49.
LaTeX Font Info:    ... okay on input line 49.
LaTeX Font Info:    Checking defaults for C36/song/m/n on input line 49.
LaTeX Font Info:    ... okay on input line 49.
LaTeX Font Info:    Checking defaults for C37/song/m/n on input line 49.
LaTeX Font Info:    ... okay on input line 49.
LaTeX Font Info:    Checking defaults for C80/song/m/n on input line 49.
LaTeX Font Info:    ... okay on input line 49.
LaTeX Font Info:    Checking defaults for C81/song/m/n on input line 49.
LaTeX Font Info:    ... okay on input line 49.
LaTeX Font Info:    Checking defaults for C01/song/m/n on input line 49.
LaTeX Font Info:    ... okay on input line 49.
LaTeX Font Info:    Checking defaults for C11/song/m/n on input line 49.
LaTeX Font Info:    ... okay on input line 49.
LaTeX Font Info:    Checking defaults for C21/song/m/n on input line 49.
LaTeX Font Info:    ... okay on input line 49.
LaTeX Font Info:    Checking defaults for C41/song/m/n on input line 49.
LaTeX Font Info:    ... okay on input line 49.
LaTeX Font Info:    Checking defaults for C62/song/m/n on input line 49.
LaTeX Font Info:    ... okay on input line 49.
LaTeX Font Info:    Checking defaults for PD1/pdf/m/n on input line 49.
LaTeX Font Info:    ... okay on input line 49.

(c:/texlive/2015/texmf-dist/tex/context/base/supp-pdf.mkii
[Loading MPS to PDF converter (version 2006.09.02).]
\scratchcounter=\count127
\scratchdimen=\dimen149
\scratchbox=\box35
\nofMPsegments=\count128
\nofMParguments=\count129
\everyMPshowfont=\toks27
\MPscratchCnt=\count130
\MPscratchDim=\dimen150
\MPnumerator=\count131
\makeMPintoPDFobject=\count132
\everyMPtoPDFconversion=\toks28
) (c:/texlive/2015/texmf-dist/tex/latex/oberdiek/epstopdf-base.sty
Package: epstopdf-base 2010/02/09 v2.5 Base part for package epstopdf

(c:/texlive/2015/texmf-dist/tex/latex/oberdiek/grfext.sty
Package: grfext 2010/08/19 v1.1 Manage graphics extensions (HO)
)
Package grfext Info: Graphics extension search list:
(grfext)             [.png,.pdf,.jpg,.mps,.jpeg,.jbig2,.jb2,.PNG,.PDF,.JPG,.JPE
G,.JBIG2,.JB2,.eps]
(grfext)             \AppendGraphicsExtensions on input line 452.

(c:/texlive/2015/texmf-dist/tex/latex/latexconfig/epstopdf-sys.cfg
File: epstopdf-sys.cfg 2010/07/13 v1.3 Configuration of (r)epstopdf for TeX Liv
e
))
Package caption Info: Begin \AtBeginDocument code.
Package caption Info: hyperref package is loaded.
Package caption Info: End \AtBeginDocument code.

*geometry* driver: auto-detecting
*geometry* detected driver: pdftex
*geometry* verbose mode - [ preamble ] result:
* driver: pdftex
* paper: a4paper
* layout: <same size as paper>
* layoutoffset:(h,v)=(0.0pt,0.0pt)
* modes: 
* h-part:(L,W,R)=(72.26999pt, 452.9679pt, 72.26999pt)
* v-part:(T,H,B)=(101.17755pt, 628.23686pt, 115.63243pt)
* \paperwidth=597.50787pt
* \paperheight=845.04684pt
* \textwidth=452.9679pt
* \textheight=628.23686pt
* \oddsidemargin=0.0pt
* \evensidemargin=0.0pt
* \topmargin=-8.09244pt
* \headheight=12.0pt
* \headsep=25.0pt
* \topskip=11.0pt
* \footskip=30.0pt
* \marginparwidth=50.0pt
* \marginparsep=10.0pt
* \columnsep=10.0pt
* \skip\footins=10.0pt plus 4.0pt minus 2.0pt
* \hoffset=0.0pt
* \voffset=0.0pt
* \mag=1000
* \@twocolumnfalse
* \@twosidefalse
* \@mparswitchfalse
* \@reversemarginfalse
* (1in=72.27pt=25.4mm, 1cm=28.453pt)

\AtBeginShipoutBox=\box36
Package hyperref Info: Link coloring ON on input line 49.
(c:/texlive/2015/texmf-dist/tex/latex/hyperref/nameref.sty
Package: nameref 2012/10/27 v2.43 Cross-referencing by name of section

(c:/texlive/2015/texmf-dist/tex/generic/oberdiek/gettitlestring.sty
Package: gettitlestring 2010/12/03 v1.4 Cleanup title references (HO)
)
\c@section@level=\count133
)
LaTeX Info: Redefining \ref on input line 49.
LaTeX Info: Redefining \pageref on input line 49.
LaTeX Info: Redefining \nameref on input line 49.

(./main.out) (./main.out)
\@outlinefile=\write3
\openout3 = `main.out'.


(c:/texlive/2015/texmf-dist/tex/latex/cjk/texinput/utf8/UTF8.bdg
File: UTF8.bdg 2015/04/18 4.8.4
)
(c:/texlive/2015/texmf-dist/tex/latex/cjk/texinput/utf8/UTF8.enc
File: UTF8.enc 2015/04/18 4.8.4
)
(c:/texlive/2015/texmf-dist/tex/latex/cjk/texinput/utf8/UTF8.chr
File: UTF8.chr 2015/04/18 4.8.4
)
LaTeX Font Info:    Try loading font information for C70+gbsn on input line 62.


(c:/texlive/2015/texmf-dist/tex/latex/cjk/texinput/utf8/c70gbsn.fd
File: c70gbsn.fd 2015/04/18 4.8.4
)
(c:/texlive/2015/texmf-dist/tex/latex/cjk/texinput/utf8/c70gbsn.fdx
File: c70gbsn.fdx 2015/04/18 4.8.4
) [1

{c:/texlive/2015/texmf-var/fonts/map/pdftex/updmap/pdftex.map}]
<images/fig4-1-1.png, id=238, 563.10374pt x 542.025pt>
File: images/fig4-1-1.png Graphic file (type png)

<use images/fig4-1-1.png>
Package pdftex.def Info: images/fig4-1-1.png used on input line 107.
(pdftex.def)             Requested size: 181.18439pt x 174.40266pt.

Overfull \hbox (5.54533pt too wide) in paragraph at lines 111--115
\OML/cmm/m/it/10.95 n[]$\C70/gbsn/m/n/10.95/76 „ \C70/gbsn/bx/n/10.95/53 U \C70
/gbsn/bx/n/10.95/8f t \C70/gbsn/bx/n/10.95/66 v \C70/gbsn/m/n/10.95/79 ð \C70/g
bsn/bx/n/10.95/4e : \C70/gbsn/m/n/10.95/6b c \C70/gbsn/m/n/10.95/51 I \C70/gbsn
/m/n/10.95/60 ' \C70/gbsn/bx/n/10.95/53 U \C70/gbsn/bx/n/10.95/8f t \C70/gbsn/b
x/n/10.95/66 v \C70/gbsn/bx/n/10.95/ff ^^L \C70/gbsn/m/n/10.95/5b ƒ \C70/gbsn/m
/n/10.95/76 „ \C70/gbsn/m/n/10.95/51 I \C70/gbsn/m/n/10.95/73 ‡ \C70/gbsn/m/n/1
0.95/4f S \C70/gbsn/bx/n/10.95/66 / \C70/gbsn/m/n/10.95/6c ¿ \C70/gbsn/m/n/10.9
5/51 I \C70/gbsn/bx/n/10.95/8f t \C70/gbsn/bx/n/10.95/65 ¹ \C70/gbsn/m/n/10.95/
54 ^^Q \C70/gbsn/m/n/10.95/62 É \C70/gbsn/m/n/10.95/95 ^^? \C70/gbsn/bx/n/10.95
/4e † \C70/gbsn/m/n/10.95/76 „ \C70/gbsn/bx/n/10.95/65 Ë \C70/gbsn/bx/n/10.95/8
f l \C70/gbsn/m/n/10.95/69 - \C70/gbsn/m/n/10.95/74 ^^C \C70/gbsn/bx/n/10.95/ff
 ^^H \C70/gbsn/m/n/10.95/56 þ [][]\OT1/cmr/m/n/10.95 3.2[][](a)\C70/gbsn/bx/n/1
0.95/ff 	 ^^L$\OML/cmm/m/it/10.95 n[] <
 []

[2 <./images/fig4-1-1.png>]
<images/fig4-1-2.png, id=263, 1473.505pt x 853.1875pt>
File: images/fig4-1-2.png Graphic file (type png)

<use images/fig4-1-2.png>
Package pdftex.def Info: images/fig4-1-2.png used on input line 118.
(pdftex.def)             Requested size: 317.07614pt x 183.58795pt.

<images/fig4-1-3.png, id=265, 319.302pt x 238.1625pt>
File: images/fig4-1-3.png Graphic file (type png)

<use images/fig4-1-3.png>
Package pdftex.def Info: images/fig4-1-3.png used on input line 128.
(pdftex.def)             Requested size: 226.48395pt x 168.93303pt.
 [3 <./images/fig4-1-2.png> <./images/fig4-1-3.png>]
<images/fig4-1-4.png, id=274, 1280.785pt x 569.12625pt>
File: images/fig4-1-4.png Graphic file (type png)

<use images/fig4-1-4.png>
Package pdftex.def Info: images/fig4-1-4.png used on input line 148.
(pdftex.def)             Requested size: 407.66833pt x 181.1428pt.
 [4 <./images/fig4-1-4.png>]
<images/fig4-1-5a.png, id=292, 1185.42876pt x 405.515pt>
File: images/fig4-1-5a.png Graphic file (type png)

<use images/fig4-1-5a.png>
Package pdftex.def Info: images/fig4-1-5a.png used on input line 183.
(pdftex.def)             Requested size: 226.48395pt x 77.47559pt.

<images/fig4-1-5b.png, id=293, 1191.45125pt x 423.5825pt>
File: images/fig4-1-5b.png Graphic file (type png)

<use images/fig4-1-5b.png>
Package pdftex.def Info: images/fig4-1-5b.png used on input line 188.
(pdftex.def)             Requested size: 221.95676pt x 78.90445pt.

<images/fig4-1-6.png, id=298, 1290.8225pt x 865.2325pt>
File: images/fig4-1-6.png Graphic file (type png)

<use images/fig4-1-6.png>
Package pdftex.def Info: images/fig4-1-6.png used on input line 205.
(pdftex.def)             Requested size: 407.66833pt x 273.2494pt.
 [5 <./images/fig4-1-5a.png> <./images/fig4-1-5b.png>] <images/fig4-1-7a.png, i
d=315, 411.5375pt x 355.3275pt>
File: images/fig4-1-7a.png Graphic file (type png)

<use images/fig4-1-7a.png>
Package pdftex.def Info: images/fig4-1-7a.png used on input line 220.
(pdftex.def)             Requested size: 226.48395pt x 195.55pt.

<images/fig4-1-7b.png, id=316, 397.485pt x 355.3275pt>
File: images/fig4-1-7b.png Graphic file (type png)

<use images/fig4-1-7b.png>
Package pdftex.def Info: images/fig4-1-7b.png used on input line 225.
(pdftex.def)             Requested size: 226.48395pt x 202.46828pt.

Overfull \hbox (2.43333pt too wide) in paragraph at lines 219--229
[][] [] 
 []

[6 <./images/fig4-1-6.png>]
<images/fig4-1-8.png, id=327, 841.1425pt x 552.0625pt>
File: images/fig4-1-8.png Graphic file (type png)

<use images/fig4-1-8.png>
Package pdftex.def Info: images/fig4-1-8.png used on input line 247.
(pdftex.def)             Requested size: 362.37569pt x 237.83713pt.
 [7 <./images/fig4-1-7a.png> <./images/fig4-1-7b.png>] [8 <./images/fig4-1-8.pn
g>]
<images/fig4-1-9.png, id=348, 887.315pt x 413.545pt>
File: images/fig4-1-9.png Graphic file (type png)
 <use images/fig4-1-9.png>
Package pdftex.def Info: images/fig4-1-9.png used on input line 284.
(pdftex.def)             Requested size: 362.37569pt x 168.88565pt.

<images/fig4-1-10a.png, id=350, 431.36156pt x 393.72093pt>
File: images/fig4-1-10a.png Graphic file (type png)

<use images/fig4-1-10a.png>
Package pdftex.def Info: images/fig4-1-10a.png used on input line 299.
(pdftex.def)             Requested size: 226.48395pt x 206.7186pt.

<images/fig4-1-10b.png, id=351, 409.53pt x 389.20406pt>
File: images/fig4-1-10b.png Graphic file (type png)

<use images/fig4-1-10b.png>
Package pdftex.def Info: images/fig4-1-10b.png used on input line 304.
(pdftex.def)             Requested size: 226.48395pt x 215.2447pt.

Overfull \hbox (2.43333pt too wide) in paragraph at lines 298--308
[][] [] 
 []

<images/fig4-1-12.png, id=352, 386.19281pt x 457.71pt>
File: images/fig4-1-12.png Graphic file (type png)

<use images/fig4-1-12.png>
Package pdftex.def Info: images/fig4-1-12.png used on input line 333.
(pdftex.def)             Requested size: 181.18439pt x 214.73262pt.
 [9 <./images/fig4-1-9.png>]
<images/fig4-1-14a.png, id=358, 469.00218pt x 456.95718pt>
File: images/fig4-1-14a.png Graphic file (type png)

<use images/fig4-1-14a.png>
Package pdftex.def Info: images/fig4-1-14a.png used on input line 340.
(pdftex.def)             Requested size: 226.48395pt x 220.66174pt.

<images/fig4-1-14b.png, id=359, 462.22687pt x 458.46281pt>
File: images/fig4-1-14b.png Graphic file (type png)

<use images/fig4-1-14b.png>
Package pdftex.def Info: images/fig4-1-14b.png used on input line 345.
(pdftex.def)             Requested size: 221.95676pt x 220.15059pt.


LaTeX Warning: `!h' float specifier changed to `!ht'.

[10 <./images/fig4-1-10a.png> <./images/fig4-1-10b.png>] [11 <./images/fig4-1-1
2.png> <./images/fig4-1-14a.png> <./images/fig4-1-14b.png>]
<images/fig4-1-15.png, id=380, 529.98pt x 545.78906pt>
File: images/fig4-1-15.png Graphic file (type png)

<use images/fig4-1-15.png>
Package pdftex.def Info: images/fig4-1-15.png used on input line 367.
(pdftex.def)             Requested size: 271.7835pt x 279.88942pt.

<images/fig4-1-16.png, id=381, 739.76375pt x 725.71124pt>
File: images/fig4-1-16.png Graphic file (type png)

<use images/fig4-1-16.png>
Package pdftex.def Info: images/fig4-1-16.png used on input line 388.
(pdftex.def)             Requested size: 317.07614pt x 311.05315pt.
 [12 <./images/fig4-1-15.png>] [13 <./images/fig4-1-16.png>] [14] [15] [16] [17
] [18]
Package atveryend Info: Empty hook `BeforeClearDocument' on input line 627.
 [19]
Package atveryend Info: Empty hook `AfterLastShipout' on input line 627.
 (./main.aux)
Package atveryend Info: Executing hook `AtVeryEndDocument' on input line 627.
Package atveryend Info: Executing hook `AtEndAfterFileList' on input line 627.
Package rerunfilecheck Info: File `main.out' has not changed.
(rerunfilecheck)             Checksum: 19143B4F6FDE6836AFF73C57D4CB34A4;3091.


LaTeX Warning: Label(s) may have changed. Rerun to get cross-references right.

Package atveryend Info: Empty hook `AtVeryVeryEnd' on input line 627.
 ) 
Here is how much of TeX's memory you used:
 12458 strings out of 493089
 177591 string characters out of 6138424
 284492 words of memory out of 5000000
 15330 multiletter control sequences out of 15000+600000
 69657 words of font info for 249 fonts, out of 8000000 for 9000
 1141 hyphenation exceptions out of 8191
 42i,11n,43p,303b,1699s stack positions out of 5000i,500n,10000p,200000b,80000s
<c:/texlive/2015/texmf-dist/fonts/type1/public/amsfonts/cm/cmbx10.pfb><c:/tex
live/2015/texmf-dist/fonts/type1/public/amsfonts/cm/cmbx12.pfb><c:/texlive/2015
/texmf-dist/fonts/type1/public/amsfonts/cm/cmex10.pfb><c:/texlive/2015/texmf-di
st/fonts/type1/public/amsfonts/cm/cmmi10.pfb><c:/texlive/2015/texmf-dist/fonts/
type1/public/amsfonts/cm/cmmi8.pfb><c:/texlive/2015/texmf-dist/fonts/type1/publ
ic/amsfonts/cm/cmr10.pfb><c:/texlive/2015/texmf-dist/fonts/type1/public/amsfont
s/cm/cmr17.pfb><c:/texlive/2015/texmf-dist/fonts/type1/public/amsfonts/cm/cmr6.
pfb><c:/texlive/2015/texmf-dist/fonts/type1/public/amsfonts/cm/cmr8.pfb><c:/tex
live/2015/texmf-dist/fonts/type1/public/amsfonts/cm/cmr9.pfb><c:/texlive/2015/t
exmf-dist/fonts/type1/public/amsfonts/cm/cmsy10.pfb><c:/texlive/2015/texmf-dist
/fonts/type1/public/amsfonts/cm/cmsy6.pfb><c:/texlive/2015/texmf-dist/fonts/typ
e1/public/amsfonts/cm/cmsy7.pfb><c:/texlive/2015/texmf-dist/fonts/type1/public/
amsfonts/cm/cmsy8.pfb><c:/texlive/2015/texmf-dist/fonts/type1/arphic/gbsnu/gbsn
u30.pfb><c:/texlive/2015/texmf-dist/fonts/type1/arphic/gbsnu/gbsnu4e.pfb><c:/te
xlive/2015/texmf-dist/fonts/type1/arphic/gbsnu/gbsnu4f.pfb><c:/texlive/2015/tex
mf-dist/fonts/type1/arphic/gbsnu/gbsnu50.pfb><c:/texlive/2015/texmf-dist/fonts/
type1/arphic/gbsnu/gbsnu51.pfb><c:/texlive/2015/texmf-dist/fonts/type1/arphic/g
bsnu/gbsnu52.pfb><c:/texlive/2015/texmf-dist/fonts/type1/arphic/gbsnu/gbsnu53.p
fb><c:/texlive/2015/texmf-dist/fonts/type1/arphic/gbsnu/gbsnu54.pfb><c:/texlive
/2015/texmf-dist/fonts/type1/arphic/gbsnu/gbsnu55.pfb><c:/texlive/2015/texmf-di
st/fonts/type1/arphic/gbsnu/gbsnu56.pfb><c:/texlive/2015/texmf-dist/fonts/type1
/arphic/gbsnu/gbsnu57.pfb><c:/texlive/2015/texmf-dist/fonts/type1/arphic/gbsnu/
gbsnu58.pfb><c:/texlive/2015/texmf-dist/fonts/type1/arphic/gbsnu/gbsnu59.pfb><c
:/texlive/2015/texmf-dist/fonts/type1/arphic/gbsnu/gbsnu5b.pfb><c:/texlive/2015
/texmf-dist/fonts/type1/arphic/gbsnu/gbsnu5c.pfb><c:/texlive/2015/texmf-dist/fo
nts/type1/arphic/gbsnu/gbsnu5d.pfb><c:/texlive/2015/texmf-dist/fonts/type1/arph
ic/gbsnu/gbsnu5e.pfb><c:/texlive/2015/texmf-dist/fonts/type1/arphic/gbsnu/gbsnu
5f.pfb><c:/texlive/2015/texmf-dist/fonts/type1/arphic/gbsnu/gbsnu60.pfb><c:/tex
live/2015/texmf-dist/fonts/type1/arphic/gbsnu/gbsnu61.pfb><c:/texlive/2015/texm
f-dist/fonts/type1/arphic/gbsnu/gbsnu62.pfb><c:/texlive/2015/texmf-dist/fonts/t
ype1/arphic/gbsnu/gbsnu63.pfb><c:/texlive/2015/texmf-dist/fonts/type1/arphic/gb
snu/gbsnu64.pfb><c:/texlive/2015/texmf-dist/fonts/type1/arphic/gbsnu/gbsnu65.pf
b><c:/texlive/2015/texmf-dist/fonts/type1/arphic/gbsnu/gbsnu66.pfb><c:/texlive/
2015/texmf-dist/fonts/type1/arphic/gbsnu/gbsnu67.pfb><c:/texlive/2015/texmf-dis
t/fonts/type1/arphic/gbsnu/gbsnu68.pfb><c:/texlive/2015/texmf-dist/fonts/type1/
arphic/gbsnu/gbsnu69.pfb><c:/texlive/2015/texmf-dist/fonts/type1/arphic/gbsnu/g
bsnu6a.pfb><c:/texlive/2015/texmf-dist/fonts/type1/arphic/gbsnu/gbsnu6b.pfb><c:
/texlive/2015/texmf-dist/fonts/type1/arphic/gbsnu/gbsnu6c.pfb><c:/texlive/2015/
texmf-dist/fonts/type1/arphic/gbsnu/gbsnu6d.pfb><c:/texlive/2015/texmf-dist/fon
ts/type1/arphic/gbsnu/gbsnu6e.pfb><c:/texlive/2015/texmf-dist/fonts/type1/arphi
c/gbsnu/gbsnu70.pfb><c:/texlive/2015/texmf-dist/fonts/type1/arphic/gbsnu/gbsnu7
1.pfb><c:/texlive/2015/texmf-dist/fonts/type1/arphic/gbsnu/gbsnu72.pfb><c:/texl
ive/2015/texmf-dist/fonts/type1/arphic/gbsnu/gbsnu73.pfb><c:/texlive/2015/texmf
-dist/fonts/type1/arphic/gbsnu/gbsnu74.pfb><c:/texlive/2015/texmf-dist/fonts/ty
pe1/arphic/gbsnu/gbsnu75.pfb><c:/texlive/2015/texmf-dist/fonts/type1/arphic/gbs
nu/gbsnu76.pfb><c:/texlive/2015/texmf-dist/fonts/type1/arphic/gbsnu/gbsnu77.pfb
><c:/texlive/2015/texmf-dist/fonts/type1/arphic/gbsnu/gbsnu78.pfb><c:/texlive/2
015/texmf-dist/fonts/type1/arphic/gbsnu/gbsnu79.pfb><c:/texlive/2015/texmf-dist
/fonts/type1/arphic/gbsnu/gbsnu7a.pfb><c:/texlive/2015/texmf-dist/fonts/type1/a
rphic/gbsnu/gbsnu7b.pfb><c:/texlive/2015/texmf-dist/fonts/type1/arphic/gbsnu/gb
snu7c.pfb><c:/texlive/2015/texmf-dist/fonts/type1/arphic/gbsnu/gbsnu7d.pfb><c:/
texlive/2015/texmf-dist/fonts/type1/arphic/gbsnu/gbsnu7e.pfb><c:/texlive/2015/t
exmf-dist/fonts/type1/arphic/gbsnu/gbsnu7f.pfb><c:/texlive/2015/texmf-dist/font
s/type1/arphic/gbsnu/gbsnu80.pfb><c:/texlive/2015/texmf-dist/fonts/type1/arphic
/gbsnu/gbsnu81.pfb><c:/texlive/2015/texmf-dist/fonts/type1/arphic/gbsnu/gbsnu82
.pfb><c:/texlive/2015/texmf-dist/fonts/type1/arphic/gbsnu/gbsnu83.pfb><c:/texli
ve/2015/texmf-dist/fonts/type1/arphic/gbsnu/gbsnu84.pfb><c:/texlive/2015/texmf-
dist/fonts/type1/arphic/gbsnu/gbsnu85.pfb><c:/texlive/2015/texmf-dist/fonts/typ
e1/arphic/gbsnu/gbsnu86.pfb><c:/texlive/2015/texmf-dist/fonts/type1/arphic/gbsn
u/gbsnu87.pfb><c:/texlive/2015/texmf-dist/fonts/type1/arphic/gbsnu/gbsnu88.pfb>
<c:/texlive/2015/texmf-dist/fonts/type1/arphic/gbsnu/gbsnu89.pfb><c:/texlive/20
15/texmf-dist/fonts/type1/arphic/gbsnu/gbsnu8a.pfb><c:/texlive/2015/texmf-dist/
fonts/type1/arphic/gbsnu/gbsnu8b.pfb><c:/texlive/2015/texmf-dist/fonts/type1/ar
phic/gbsnu/gbsnu8c.pfb><c:/texlive/2015/texmf-dist/fonts/type1/arphic/gbsnu/gbs
nu8d.pfb><c:/texlive/2015/texmf-dist/fonts/type1/arphic/gbsnu/gbsnu8e.pfb><c:/t
exlive/2015/texmf-dist/fonts/type1/arphic/gbsnu/gbsnu8f.pfb><c:/texlive/2015/te
xmf-dist/fonts/type1/arphic/gbsnu/gbsnu90.pfb><c:/texlive/2015/texmf-dist/fonts
/type1/arphic/gbsnu/gbsnu91.pfb><c:/texlive/2015/texmf-dist/fonts/type1/arphic/
gbsnu/gbsnu92.pfb><c:/texlive/2015/texmf-dist/fonts/type1/arphic/gbsnu/gbsnu94.
pfb><c:/texlive/2015/texmf-dist/fonts/type1/arphic/gbsnu/gbsnu95.pfb><c:/texliv
e/2015/texmf-dist/fonts/type1/arphic/gbsnu/gbsnu96.pfb><c:/texlive/2015/texmf-d
ist/fonts/type1/arphic/gbsnu/gbsnu97.pfb><c:/texlive/2015/texmf-dist/fonts/type
1/arphic/gbsnu/gbsnu98.pfb><c:/texlive/2015/texmf-dist/fonts/type1/arphic/gbsnu
/gbsnu99.pfb><c:/texlive/2015/texmf-dist/fonts/type1/arphic/gbsnu/gbsnu9a.pfb><
c:/texlive/2015/texmf-dist/fonts/type1/arphic/gbsnu/gbsnu9e.pfb><c:/texlive/201
5/texmf-dist/fonts/type1/arphic/gbsnu/gbsnuff.pfb>
Output written on main.pdf (19 pages, 3356687 bytes).
PDF statistics:
 773 PDF objects out of 1000 (max. 8388607)
 547 compressed objects within 6 object streams
 105 named destinations out of 1000 (max. 500000)
 607 words of extra memory for PDF output out of 10000 (max. 10000000)

