\BOOKMARK [1][-]{section.0.1}{\137\025\212\000}{}% 1
\BOOKMARK [1][-]{section.0.2}{\133\236\232\214\166\356\166\204}{}% 2
\BOOKMARK [1][-]{section.0.3}{\133\236\232\214\123\237\164\006}{}% 3
\BOOKMARK [2][-]{subsection.0.3.1}{\146\166\117\123\166\204\123\314\142\230\134\004\124\214\121\111\163\207\117\123}{section.0.3}% 4
\BOOKMARK [3][-]{subsubsection.0.3.1.1}{\172\313\145\271\146\166\174\373\377\010\232\330\176\247\146\166\145\317\377\011}{subsection.0.3.1}% 5
\BOOKMARK [3][-]{subsubsection.0.3.1.2}{\123\125\217\164\146\166\377\010\116\055\176\247\146\166\145\317\377\011}{subsection.0.3.1}% 6
\BOOKMARK [3][-]{subsubsection.0.3.1.3}{\123\314\217\164\146\166\377\010\117\116\176\247\146\166\145\317\377\011}{subsection.0.3.1}% 7
\BOOKMARK [2][-]{subsection.0.3.2}{\153\143\116\244\120\117\121\111\136\162\155\211}{section.0.3}% 8
\BOOKMARK [3][-]{subsubsection.0.3.2.1}{\123\125\202\162\121\111\136\162\155\211}{subsection.0.3.2}% 9
\BOOKMARK [3][-]{subsubsection.0.3.2.2}{\166\175\121\111\136\162\155\211}{subsection.0.3.2}% 10
\BOOKMARK [3][-]{subsubsection.0.3.2.3}{\121\111\172\013\135\356\210\145\120\177\123\237\164\006}{subsection.0.3.2}% 11
\BOOKMARK [2][-]{subsection.0.3.3}{\225\045\121\111\136\162\155\211}{section.0.3}% 12
\BOOKMARK [3][-]{subsubsection.0.3.3.1}{\127\202\166\364\121\111\217\164\122\007\162\107\166\204\146\166\117\123\136\162\155\211}{subsection.0.3.3}% 13
\BOOKMARK [3][-]{subsubsection.0.3.3.2}{\136\163\210\114\121\111\217\164\122\007\162\107\166\204\146\166\117\123\136\162\155\211}{subsection.0.3.3}% 14
\BOOKMARK [3][-]{subsubsection.0.3.3.3}{\145\234\116\244\121\111\217\164\122\007\162\107\166\204\146\166\117\123\136\162\155\211}{subsection.0.3.3}% 15
\BOOKMARK [2][-]{subsection.0.3.4}{\146\166\117\123\145\313\121\111\140\047\060\001\127\303\122\)\145\313}{section.0.3}% 16
\BOOKMARK [1][-]{section.0.4}{\133\236\232\214\116\352\126\150\116\016\145\271\154\325}{}% 17
\BOOKMARK [2][-]{subsection.0.4.1}{\133\236\232\214\116\352\126\150}{section.0.4}% 18
\BOOKMARK [2][-]{subsection.0.4.2}{\133\236\232\214\145\271\154\325}{section.0.4}% 19
\BOOKMARK [1][-]{section.0.5}{\133\236\232\214\145\160\143\156\122\006\147\220}{}% 20
\BOOKMARK [2][-]{subsection.0.5.1}{\122\044\213\373\147\052\167\345\150\067\124\301\124\004\166\370\124\014\140\047\217\330\146\057\124\004\166\370\137\002\140\047}{section.0.5}% 21
\BOOKMARK [2][-]{subsection.0.5.2}{\165\(\116\000\176\247\176\242\143\322\162\107\122\044\122\053\121\166\141\142\121\111\145\271\124\021\377\014\136\166\117\060\213\241\121\166\121\111\172\013\135\356}{section.0.5}% 22
\BOOKMARK [2][-]{subsection.0.5.3}{\167\363\202\361\151\124\133\120\211\302\155\113}{section.0.5}% 23
\BOOKMARK [2][-]{subsection.0.5.4}{\225\045\121\111\136\162\155\211\211\302\155\113}{section.0.5}% 24
\BOOKMARK [2][-]{subsection.0.5.5}{\122\)\165\(\127\303\122\)\145\313\217\154\124\021\166\204\145\271\154\325\377\014\122\044\145\255\145\271\060\001\127\006\167\363\202\361\166\204\145\313\121\111\145\271\124\021}{section.0.5}% 25
\BOOKMARK [1][-]{section.0.6}{\140\035\200\003\116\016\213\250\213\272}{}% 26
